<?xml version="1.0" encoding="UTF-8"?>
<testsuite name="ohtuesimerkki.StatisticsTest" tests="3" skipped="0" failures="0" errors="0" timestamp="2020-10-29T08:43:28" hostname="lx8-fuxi123" time="0.007">
  <properties/>
  <testcase name="testTeam" classname="ohtuesimerkki.StatisticsTest" time="0.006"/>
  <testcase name="testTopScorers" classname="ohtuesimerkki.StatisticsTest" time="0.001"/>
  <testcase name="testSearch" classname="ohtuesimerkki.StatisticsTest" time="0.0"/>
  <system-out><![CDATA[]]></system-out>
  <system-err><![CDATA[]]></system-err>
</testsuite>
